Started GET "/" for ::1 at 2021-03-12 16:45:12 +0900
  [1m[35m (3.3ms)[0m  [1m[34mSELECT sqlite_version(*)[0m
Processing by Rails::WelcomeController#index as HTML
  Rendering vendor/bundle/ruby/2.5.0/gems/railties-6.0.3.5/lib/rails/templates/rails/welcome/index.html.erb
  Rendered vendor/bundle/ruby/2.5.0/gems/railties-6.0.3.5/lib/rails/templates/rails/welcome/index.html.erb (Duration: 13.1ms | Allocations: 477)
Completed 200 OK in 33ms (Views: 19.1ms | ActiveRecord: 0.0ms | Allocations: 2779)


Started GET "/hello/index" for ::1 at 2021-03-12 16:55:40 +0900
  [1m[35m (1.5ms)[0m  [1m[34mSELECT sqlite_version(*)[0m
  
ActionController::RoutingError (No route matches [GET] "/hello/index"):
  
actionpack (6.0.3.5) lib/action_dispatch/middleware/debug_exceptions.rb:36:in `call'
web-console (4.1.0) lib/web_console/middleware.rb:132:in `call_app'
web-console (4.1.0) lib/web_console/middleware.rb:28:in `block in call'
web-console (4.1.0) lib/web_console/middleware.rb:17:in `catch'
web-console (4.1.0) lib/web_console/middleware.rb:17:in `call'
actionpack (6.0.3.5) lib/action_dispatch/middleware/show_exceptions.rb:33:in `call'
railties (6.0.3.5) lib/rails/rack/logger.rb:37:in `call_app'
railties (6.0.3.5) lib/rails/rack/logger.rb:26:in `block in call'
activesupport (6.0.3.5) lib/active_support/tagged_logging.rb:80:in `block in tagged'
activesupport (6.0.3.5) lib/active_support/tagged_logging.rb:28:in `tagged'
activesupport (6.0.3.5) lib/active_support/tagged_logging.rb:80:in `tagged'
railties (6.0.3.5) lib/rails/rack/logger.rb:26:in `call'
sprockets-rails (3.2.2) lib/sprockets/rails/quiet_assets.rb:13:in `call'
actionpack (6.0.3.5) lib/action_dispatch/middleware/remote_ip.rb:81:in `call'
actionpack (6.0.3.5) lib/action_dispatch/middleware/request_id.rb:27:in `call'
rack (2.2.3) lib/rack/method_override.rb:24:in `call'
rack (2.2.3) lib/rack/runtime.rb:22:in `call'
activesupport (6.0.3.5) lib/active_support/cache/strategy/local_cache_middleware.rb:29:in `call'
actionpack (6.0.3.5) lib/action_dispatch/middleware/executor.rb:14:in `call'
actionpack (6.0.3.5) lib/action_dispatch/middleware/static.rb:126:in `call'
rack (2.2.3) lib/rack/sendfile.rb:110:in `call'
actionpack (6.0.3.5) lib/action_dispatch/middleware/host_authorization.rb:82:in `call'
webpacker (4.3.0) lib/webpacker/dev_server_proxy.rb:23:in `perform_request'
rack-proxy (0.6.5) lib/rack/proxy.rb:57:in `call'
railties (6.0.3.5) lib/rails/engine.rb:527:in `call'
puma (4.3.7) lib/puma/configuration.rb:228:in `call'
puma (4.3.7) lib/puma/server.rb:713:in `handle_request'
puma (4.3.7) lib/puma/server.rb:472:in `process_client'
puma (4.3.7) lib/puma/server.rb:328:in `block in run'
puma (4.3.7) lib/puma/thread_pool.rb:134:in `block in spawn_thread'
Started GET "/hello/index" for ::1 at 2021-03-17 01:19:53 +0900
  [1m[35m (1.7ms)[0m  [1m[34mSELECT sqlite_version(*)[0m
  
SyntaxError (/Users/daiho0323/lesson02/controller1-1/app/controllers/hello_controller.rb:4: syntax error, unexpected end-of-input, expecting keyword_end):
  
app/controllers/hello_controller.rb:4: syntax error, unexpected end-of-input, expecting keyword_end
app/controllers/hello_controller.rb:4: syntax error, unexpected end-of-input, expecting keyword_end
app/controllers/hello_controller.rb:4: syntax error, unexpected end-of-input, expecting keyword_end
Started GET "/hello/index" for ::1 at 2021-03-17 01:20:29 +0900
  [1m[35m (0.1ms)[0m  [1m[34mSELECT sqlite_version(*)[0m
  
SyntaxError (/Users/daiho0323/lesson02/controller1-1/app/controllers/hello_controller.rb:4: syntax error, unexpected end-of-input, expecting keyword_end
    end
       ^):
  
app/controllers/hello_controller.rb:4: syntax error, unexpected end-of-input, expecting keyword_end
app/controllers/hello_controller.rb:4: syntax error, unexpected end-of-input, expecting keyword_end
app/controllers/hello_controller.rb:4: syntax error, unexpected end-of-input, expecting keyword_end
Started GET "/hello/index" for ::1 at 2021-03-17 01:20:32 +0900
  
SyntaxError (/Users/daiho0323/lesson02/controller1-1/app/controllers/hello_controller.rb:4: syntax error, unexpected end-of-input, expecting keyword_end
    end
       ^):
  
app/controllers/hello_controller.rb:4: syntax error, unexpected end-of-input, expecting keyword_end
app/controllers/hello_controller.rb:4: syntax error, unexpected end-of-input, expecting keyword_end
app/controllers/hello_controller.rb:4: syntax error, unexpected end-of-input, expecting keyword_end
Started GET "/hello/index" for ::1 at 2021-03-17 01:20:33 +0900
  
SyntaxError (/Users/daiho0323/lesson02/controller1-1/app/controllers/hello_controller.rb:4: syntax error, unexpected end-of-input, expecting keyword_end
    end
       ^):
  
app/controllers/hello_controller.rb:4: syntax error, unexpected end-of-input, expecting keyword_end
app/controllers/hello_controller.rb:4: syntax error, unexpected end-of-input, expecting keyword_end
app/controllers/hello_controller.rb:4: syntax error, unexpected end-of-input, expecting keyword_end
Started GET "/hello/index" for ::1 at 2021-03-17 01:22:33 +0900
  [1m[35m (0.1ms)[0m  [1m[34mSELECT sqlite_version(*)[0m
Processing by HelloController#index as HTML
  Rendering text template
  Rendered text template (Duration: 0.0ms | Allocations: 2)
Completed 200 OK in 3ms (Views: 2.8ms | ActiveRecord: 0.0ms | Allocations: 824)


Started GET "/hello/index" for ::1 at 2021-03-17 01:35:53 +0900
  [1m[35m (0.1ms)[0m  [1m[34mSELECT sqlite_version(*)[0m
Processing by HelloController#index as HTML
Completed 500 Internal Server Error in 195ms (ActiveRecord: 0.0ms | Allocations: 96348)


  
NameError (undefined local variable or method `mag' for #<HelloController:0x00007fb23544f1d0>
Did you mean?  msg):
  
app/controllers/hello_controller.rb:11:in `index'
Started GET "/hello/index" for ::1 at 2021-03-17 01:36:19 +0900
  [1m[35m (0.1ms)[0m  [1m[34mSELECT sqlite_version(*)[0m
Processing by HelloController#index as HTML
  Rendering html template
  Rendered html template (Duration: 0.0ms | Allocations: 4)
Completed 200 OK in 3ms (Views: 2.6ms | ActiveRecord: 0.0ms | Allocations: 722)


Started GET "/hello/index" for ::1 at 2021-03-17 01:38:51 +0900
  [1m[35m (0.1ms)[0m  [1m[34mSELECT sqlite_version(*)[0m
Processing by HelloController#index as HTML
  Rendering html template
  Rendered html template (Duration: 0.0ms | Allocations: 4)
Completed 200 OK in 1ms (Views: 0.7ms | ActiveRecord: 0.0ms | Allocations: 483)


Started GET "/hello/index" for ::1 at 2021-03-17 02:02:06 +0900
  [1m[35m (0.1ms)[0m  [1m[34mSELECT sqlite_version(*)[0m
Processing by HelloController#index as HTML
  Rendering html template
  Rendered html template (Duration: 0.0ms | Allocations: 3)
Completed 200 OK in 1ms (Views: 0.7ms | ActiveRecord: 0.0ms | Allocations: 501)


Started GET "/hello/index?msg=daiho" for ::1 at 2021-03-17 02:02:29 +0900
Processing by HelloController#index as HTML
  Parameters: {"msg"=>"daiho"}
  Rendering html template
  Rendered html template (Duration: 0.0ms | Allocations: 3)
Completed 200 OK in 2ms (Views: 1.1ms | ActiveRecord: 0.0ms | Allocations: 341)


Started GET "/hello/index?msg=daiho" for ::1 at 2021-03-17 02:03:56 +0900
Processing by HelloController#index as HTML
  Parameters: {"msg"=>"daiho"}
  Rendering html template
  Rendered html template (Duration: 0.0ms | Allocations: 3)
Completed 200 OK in 2ms (Views: 0.8ms | ActiveRecord: 0.0ms | Allocations: 341)


